<?xml version="1.0" encoding="UTF-8"?>
<testng-results ignored="0" total="1" passed="1" failed="0" skipped="0">
  <reporter-output>
  </reporter-output>
  <suite started-at="2024-01-04T14:13:34 AST" name="Default suite" finished-at="2024-01-04T14:13:36 AST" duration-ms="2696">
    <groups>
    </groups>
    <test started-at="2024-01-04T14:13:34 AST" name="Default test" finished-at="2024-01-04T14:13:36 AST" duration-ms="2696">
      <class name="TestClasess">
        <test-method is-config="true" signature="myBeforeTest()[pri:0, instance:TestClasess@49a64d82]" started-at="2024-01-04T14:13:34 AST" name="myBeforeTest" finished-at="2024-01-04T14:13:36 AST" duration-ms="2534" status="PASS">
          <reporter-output>
          </reporter-output>
        </test-method> <!-- myBeforeTest -->
        <test-method signature="checkTheLanguge()[pri:0, instance:TestClasess@49a64d82]" started-at="2024-01-04T14:13:36 AST" name="checkTheLanguge" description="test number 1" finished-at="2024-01-04T14:13:36 AST" duration-ms="93" status="PASS">
          <reporter-output>
          </reporter-output>
        </test-method> <!-- checkTheLanguge -->
      </class> <!-- TestClasess -->
    </test> <!-- Default test -->
  </suite> <!-- Default suite -->
</testng-results>
