<?xml version="1.0" encoding="UTF-8"?>
<testng-results ignored="0" total="12" passed="11" failed="1" skipped="0">
  <reporter-output>
  </reporter-output>
  <suite started-at="2024-01-03T23:41:47 AST" name="Default suite" finished-at="2024-01-03T23:42:30 AST" duration-ms="42692">
    <groups>
    </groups>
    <test started-at="2024-01-03T23:41:47 AST" name="Default test" finished-at="2024-01-03T23:42:30 AST" duration-ms="42692">
      <class name="TestClasess">
        <test-method is-config="true" signature="myBeforeTest()[pri:0, instance:TestClasess@324dcd31]" started-at="2024-01-03T23:41:47 AST" name="myBeforeTest" finished-at="2024-01-03T23:41:48 AST" duration-ms="1559" status="PASS">
          <reporter-output>
          </reporter-output>
        </test-method> <!-- myBeforeTest -->
        <test-method signature="CheckTheBackDate()[pri:0, instance:TestClasess@324dcd31]" started-at="2024-01-03T23:41:48 AST" name="CheckTheBackDate" description="test number 6" finished-at="2024-01-03T23:41:49 AST" duration-ms="65" status="PASS">
          <reporter-output>
          </reporter-output>
        </test-method> <!-- CheckTheBackDate -->
        <test-method signature="Check_The_Depruter_Date()[pri:0, instance:TestClasess@324dcd31]" started-at="2024-01-03T23:41:49 AST" name="Check_The_Depruter_Date" description="test number 5" finished-at="2024-01-03T23:41:49 AST" duration-ms="46" status="PASS">
          <reporter-output>
          </reporter-output>
        </test-method> <!-- Check_The_Depruter_Date -->
        <test-method signature="RandomCheckTheWebSiteLanguage()[pri:0, instance:TestClasess@324dcd31]" started-at="2024-01-03T23:41:49 AST" name="RandomCheckTheWebSiteLanguage" description="test number 7" finished-at="2024-01-03T23:41:49 AST" duration-ms="659" status="PASS">
          <reporter-output>
          </reporter-output>
        </test-method> <!-- RandomCheckTheWebSiteLanguage -->
        <test-method signature="checkTheCurrency()[pri:0, instance:TestClasess@324dcd31]" started-at="2024-01-03T23:41:49 AST" name="checkTheCurrency" description="test number 2" finished-at="2024-01-03T23:41:49 AST" duration-ms="23" status="PASS">
          <reporter-output>
          </reporter-output>
        </test-method> <!-- checkTheCurrency -->
        <test-method signature="checkTheLanguge()[pri:0, instance:TestClasess@324dcd31]" started-at="2024-01-03T23:41:49 AST" name="checkTheLanguge" description="test number 1" finished-at="2024-01-03T23:41:49 AST" duration-ms="15" status="PASS">
          <reporter-output>
          </reporter-output>
        </test-method> <!-- checkTheLanguge -->
        <test-method signature="checkthecontacyiscorrect()[pri:0, instance:TestClasess@324dcd31]" started-at="2024-01-03T23:41:49 AST" name="checkthecontacyiscorrect" description="test number 3" finished-at="2024-01-03T23:41:49 AST" duration-ms="20" status="PASS">
          <reporter-output>
          </reporter-output>
        </test-method> <!-- checkthecontacyiscorrect -->
        <test-method signature="hotel_tab_is_not_selected()[pri:0, instance:TestClasess@324dcd31]" started-at="2024-01-03T23:41:49 AST" name="hotel_tab_is_not_selected" description="test number 4" finished-at="2024-01-03T23:41:49 AST" duration-ms="29" status="PASS">
          <reporter-output>
          </reporter-output>
        </test-method> <!-- hotel_tab_is_not_selected -->
        <test-method signature="TestHotelTab()[pri:1, instance:TestClasess@324dcd31]" started-at="2024-01-03T23:41:49 AST" name="TestHotelTab" description="test number 8" finished-at="2024-01-03T23:41:55 AST" duration-ms="5166" status="PASS">
          <reporter-output>
          </reporter-output>
        </test-method> <!-- TestHotelTab -->
        <test-method signature="RandomlySelecetNumberOfVesetor()[pri:2, instance:TestClasess@324dcd31]" started-at="2024-01-03T23:41:55 AST" name="RandomlySelecetNumberOfVesetor" description="test number 9 " finished-at="2024-01-03T23:41:55 AST" duration-ms="541" status="PASS">
          <reporter-output>
          </reporter-output>
        </test-method> <!-- RandomlySelecetNumberOfVesetor -->
        <test-method signature="SearchHotell()[pri:3, instance:TestClasess@324dcd31]" started-at="2024-01-03T23:41:55 AST" name="SearchHotell" description=" test number 10" finished-at="2024-01-03T23:41:55 AST" duration-ms="185" status="PASS">
          <reporter-output>
          </reporter-output>
        </test-method> <!-- SearchHotell -->
        <test-method signature="DoneSearching()[pri:4, instance:TestClasess@324dcd31]" started-at="2024-01-03T23:41:55 AST" name="DoneSearching" description="test number 11" finished-at="2024-01-03T23:42:11 AST" duration-ms="15484" status="FAIL">
          <exception class="org.openqa.selenium.NoSuchElementException">
            <message>
              <![CDATA[no such element: Unable to locate element: {"method":"xpath","selector":"//*[@id="__next"]/div[2]/section/span"}
  (Session info: chrome=120.0.6099.130)
For documentation on this error, please visit: https://www.selenium.dev/documentation/webdriver/troubleshooting/errors#no-such-element-exception
Build info: version: '4.14.0', revision: 'e5a96349ce'
System info: os.name: 'Windows 11', os.arch: 'amd64', os.version: '10.0', java.version: '17.0.8.1'
Driver info: org.openqa.selenium.chrome.ChromeDriver
Command: [c5ca631adc1b2148661561b1e9d67f2b, findElement {using=xpath, value=//*[@id="__next"]/div[2]/section/span}]
Capabilities {acceptInsecureCerts: false, browserName: chrome, browserVersion: 120.0.6099.130, chrome: {chromedriverVersion: 120.0.6099.109 (3419140ab66..., userDataDir: C:\Users\talap\AppData\Loca...}, fedcm:accounts: true, goog:chromeOptions: {debuggerAddress: localhost:58474}, networkConnectionEnabled: false, pageLoadStrategy: normal, platformName: windows, proxy: Proxy(), se:cdp: ws://localhost:58474/devtoo..., se:cdpVersion: 120.0.6099.130, setWindowRect: true, strictFileInteractability: false, timeouts: {implicit: 0, pageLoad: 300000, script: 30000}, unhandledPromptBehavior: dismiss and notify, webauthn:extension:credBlob: true, webauthn:extension:largeBlob: true, webauthn:extension:minPinLength: true, webauthn:extension:prf: true, webauthn:virtualAuthenticators: true}
Session ID: c5ca631adc1b2148661561b1e9d67f2b]]>
            </message>
            <full-stacktrace>
              <![CDATA[org.openqa.selenium.NoSuchElementException: no such element: Unable to locate element: {"method":"xpath","selector":"//*[@id="__next"]/div[2]/section/span"}
  (Session info: chrome=120.0.6099.130)
For documentation on this error, please visit: https://www.selenium.dev/documentation/webdriver/troubleshooting/errors#no-such-element-exception
Build info: version: '4.14.0', revision: 'e5a96349ce'
System info: os.name: 'Windows 11', os.arch: 'amd64', os.version: '10.0', java.version: '17.0.8.1'
Driver info: org.openqa.selenium.chrome.ChromeDriver
Command: [c5ca631adc1b2148661561b1e9d67f2b, findElement {using=xpath, value=//*[@id="__next"]/div[2]/section/span}]
Capabilities {acceptInsecureCerts: false, browserName: chrome, browserVersion: 120.0.6099.130, chrome: {chromedriverVersion: 120.0.6099.109 (3419140ab66..., userDataDir: C:\Users\talap\AppData\Loca...}, fedcm:accounts: true, goog:chromeOptions: {debuggerAddress: localhost:58474}, networkConnectionEnabled: false, pageLoadStrategy: normal, platformName: windows, proxy: Proxy(), se:cdp: ws://localhost:58474/devtoo..., se:cdpVersion: 120.0.6099.130, setWindowRect: true, strictFileInteractability: false, timeouts: {implicit: 0, pageLoad: 300000, script: 30000}, unhandledPromptBehavior: dismiss and notify, webauthn:extension:credBlob: true, webauthn:extension:largeBlob: true, webauthn:extension:minPinLength: true, webauthn:extension:prf: true, webauthn:virtualAuthenticators: true}
Session ID: c5ca631adc1b2148661561b1e9d67f2b
at java.base/jdk.internal.reflect.NativeConstructorAccessorImpl.newInstance0(Native Method)
at java.base/jdk.internal.reflect.NativeConstructorAccessorImpl.newInstance(NativeConstructorAccessorImpl.java:77)
at java.base/jdk.internal.reflect.DelegatingConstructorAccessorImpl.newInstance(DelegatingConstructorAccessorImpl.java:45)
at java.base/java.lang.reflect.Constructor.newInstanceWithCaller(Constructor.java:499)
at java.base/java.lang.reflect.Constructor.newInstance(Constructor.java:480)
at org.openqa.selenium.remote.codec.w3c.W3CHttpResponseCodec.createException(W3CHttpResponseCodec.java:200)
at org.openqa.selenium.remote.codec.w3c.W3CHttpResponseCodec.decode(W3CHttpResponseCodec.java:133)
at org.openqa.selenium.remote.codec.w3c.W3CHttpResponseCodec.decode(W3CHttpResponseCodec.java:52)
at org.openqa.selenium.remote.HttpCommandExecutor.execute(HttpCommandExecutor.java:191)
at org.openqa.selenium.remote.service.DriverCommandExecutor.invokeExecute(DriverCommandExecutor.java:196)
at org.openqa.selenium.remote.service.DriverCommandExecutor.execute(DriverCommandExecutor.java:171)
at org.openqa.selenium.remote.RemoteWebDriver.execute(RemoteWebDriver.java:602)
at org.openqa.selenium.remote.ElementLocation$ElementFinder$2.findElement(ElementLocation.java:165)
at org.openqa.selenium.remote.ElementLocation.findElement(ElementLocation.java:59)
at org.openqa.selenium.remote.RemoteWebDriver.findElement(RemoteWebDriver.java:359)
at org.openqa.selenium.remote.RemoteWebDriver.findElement(RemoteWebDriver.java:353)
at TestClasess.DoneSearching(TestClasess.java:162)
at java.base/jdk.internal.reflect.NativeMethodAccessorImpl.invoke0(Native Method)
at java.base/jdk.internal.reflect.NativeMethodAccessorImpl.invoke(NativeMethodAccessorImpl.java:77)
at java.base/jdk.internal.reflect.DelegatingMethodAccessorImpl.invoke(DelegatingMethodAccessorImpl.java:43)
at java.base/java.lang.reflect.Method.invoke(Method.java:568)
at org.testng.internal.MethodInvocationHelper.invokeMethod(MethodInvocationHelper.java:133)
at org.testng.internal.TestInvoker.invokeMethod(TestInvoker.java:598)
at org.testng.internal.TestInvoker.invokeTestMethod(TestInvoker.java:173)
at org.testng.internal.MethodRunner.runInSequence(MethodRunner.java:46)
at org.testng.internal.TestInvoker$MethodInvocationAgent.invoke(TestInvoker.java:824)
at org.testng.internal.TestInvoker.invokeTestMethods(TestInvoker.java:146)
at org.testng.internal.TestMethodWorker.invokeTestMethods(TestMethodWorker.java:146)
at org.testng.internal.TestMethodWorker.run(TestMethodWorker.java:128)
at java.base/java.util.ArrayList.forEach(ArrayList.java:1511)
at org.testng.TestRunner.privateRun(TestRunner.java:794)
at org.testng.TestRunner.run(TestRunner.java:596)
at org.testng.SuiteRunner.runTest(SuiteRunner.java:377)
at org.testng.SuiteRunner.runSequentially(SuiteRunner.java:371)
at org.testng.SuiteRunner.privateRun(SuiteRunner.java:332)
at org.testng.SuiteRunner.run(SuiteRunner.java:276)
at org.testng.SuiteRunnerWorker.runSuite(SuiteRunnerWorker.java:53)
at org.testng.SuiteRunnerWorker.run(SuiteRunnerWorker.java:96)
at org.testng.TestNG.runSuitesSequentially(TestNG.java:1212)
at org.testng.TestNG.runSuitesLocally(TestNG.java:1134)
at org.testng.TestNG.runSuites(TestNG.java:1063)
at org.testng.TestNG.run(TestNG.java:1031)
at org.testng.remote.AbstractRemoteTestNG.run(AbstractRemoteTestNG.java:115)
at org.testng.remote.RemoteTestNG.initAndRun(RemoteTestNG.java:251)
at org.testng.remote.RemoteTestNG.main(RemoteTestNG.java:77)
]]>
            </full-stacktrace>
          </exception> <!-- org.openqa.selenium.NoSuchElementException -->
          <reporter-output>
          </reporter-output>
        </test-method> <!-- DoneSearching -->
        <test-method signature="SortingFromLowtToHigh()[pri:5, instance:TestClasess@324dcd31]" started-at="2024-01-03T23:42:11 AST" name="SortingFromLowtToHigh" description="test number12" finished-at="2024-01-03T23:42:30 AST" duration-ms="18835" status="PASS">
          <reporter-output>
          </reporter-output>
        </test-method> <!-- SortingFromLowtToHigh -->
      </class> <!-- TestClasess -->
    </test> <!-- Default test -->
  </suite> <!-- Default suite -->
</testng-results>
